2017/09/05 21:29:46 [error] [exception.CHttpException.404] CHttpException: The requested page does not exist. in /mnt/c/xampp/htdocs/skkp/protected/controllers/PendaftaranController.php:264
Stack trace:
#0 /mnt/c/xampp/htdocs/skkp/protected/controllers/PendaftaranController.php(69): PendaftaranController->loadModel('2017090008')
#1 [internal function]: PendaftaranController->actionView('2017090008')
#2 /mnt/c/xampp/htdocs/core/web/actions/CAction.php(109): ReflectionMethod->invokeArgs(Object(PendaftaranController), Array)
#3 /mnt/c/xampp/htdocs/core/web/actions/CInlineAction.php(47): CAction->runWithParamsInternal(Object(PendaftaranController), Object(ReflectionMethod), Array)
#4 /mnt/c/xampp/htdocs/core/web/CController.php(308): CInlineAction->runWithParams(Array)
#5 /mnt/c/xampp/htdocs/core/web/filters/CFilterChain.php(133): CController->runAction(Object(CInlineAction))
#6 /mnt/c/xampp/htdocs/core/web/filters/CFilter.php(40): CFilterChain->run()
#7 /mnt/c/xampp/htdocs/core/web/CController.php(1145): CFilter->filter(Object(CFilterChain))
#8 /mnt/c/xampp/htdocs/core/web/filters/CInlineFilter.php(58): CController->filterAccessControl(Object(CFilterChain))
#9 /mnt/c/xampp/htdocs/core/web/filters/CFilterChain.php(130): CInlineFilter->filter(Object(CFilterChain))
#10 /mnt/c/xampp/htdocs/core/web/CController.php(291): CFilterChain->run()
#11 /mnt/c/xampp/htdocs/core/web/CController.php(265): CController->runActionWithFilters(Object(CInlineAction), Array)
#12 /mnt/c/xampp/htdocs/core/web/CWebApplication.php(282): CController->run('view')
#13 /mnt/c/xampp/htdocs/core/web/CWebApplication.php(141): CWebApplication->runController('pendaftaran/vie...')
#14 /mnt/c/xampp/htdocs/core/base/CApplication.php(185): CWebApplication->processRequest()
#15 /mnt/c/xampp/htdocs/skkp/index.php(14): CApplication->run()
#16 {main}
REQUEST_URI=/skkp/index.php?r=pendaftaran/view&id=2017090008
HTTP_REFERER=http://localhost/skkp/index.php?r=pendaftaran/create
---
2017/09/05 23:21:53 [error] [exception.CHttpException.404] CHttpException: The requested page does not exist. in /mnt/c/xampp/htdocs/skkp/protected/controllers/NilaikpController.php:241
Stack trace:
#0 /mnt/c/xampp/htdocs/skkp/protected/controllers/NilaikpController.php(84): NilaikpController->loadModelNIM('3211425')
#1 [internal function]: NilaikpController->actionCreate('3211425')
#2 /mnt/c/xampp/htdocs/core/web/actions/CAction.php(109): ReflectionMethod->invokeArgs(Object(NilaikpController), Array)
#3 /mnt/c/xampp/htdocs/core/web/actions/CInlineAction.php(47): CAction->runWithParamsInternal(Object(NilaikpController), Object(ReflectionMethod), Array)
#4 /mnt/c/xampp/htdocs/core/web/CController.php(308): CInlineAction->runWithParams(Array)
#5 /mnt/c/xampp/htdocs/core/web/filters/CFilterChain.php(133): CController->runAction(Object(CInlineAction))
#6 /mnt/c/xampp/htdocs/core/web/filters/CFilter.php(40): CFilterChain->run()
#7 /mnt/c/xampp/htdocs/core/web/CController.php(1145): CFilter->filter(Object(CFilterChain))
#8 /mnt/c/xampp/htdocs/core/web/filters/CInlineFilter.php(58): CController->filterAccessControl(Object(CFilterChain))
#9 /mnt/c/xampp/htdocs/core/web/filters/CFilterChain.php(130): CInlineFilter->filter(Object(CFilterChain))
#10 /mnt/c/xampp/htdocs/core/web/CController.php(291): CFilterChain->run()
#11 /mnt/c/xampp/htdocs/core/web/CController.php(265): CController->runActionWithFilters(Object(CInlineAction), Array)
#12 /mnt/c/xampp/htdocs/core/web/CWebApplication.php(282): CController->run('create')
#13 /mnt/c/xampp/htdocs/core/web/CWebApplication.php(141): CWebApplication->runController('nilaikp/create')
#14 /mnt/c/xampp/htdocs/core/base/CApplication.php(185): CWebApplication->processRequest()
#15 /mnt/c/xampp/htdocs/skkp/index.php(14): CApplication->run()
#16 {main}
REQUEST_URI=/skkp/index.php?r=nilaikp/create&NIM=3211425
HTTP_REFERER=http://localhost/skkp/index.php?r=nilaikp/adminpembimbing
---
2017/09/05 23:44:11 [error] [exception.CHttpException.404] CHttpException: The requested page does not exist. in /mnt/c/xampp/htdocs/skkp/protected/controllers/NilaikpController.php:241
Stack trace:
#0 /mnt/c/xampp/htdocs/skkp/protected/controllers/NilaikpController.php(84): NilaikpController->loadModelNIM('3211425')
#1 [internal function]: NilaikpController->actionCreate('3211425')
#2 /mnt/c/xampp/htdocs/core/web/actions/CAction.php(109): ReflectionMethod->invokeArgs(Object(NilaikpController), Array)
#3 /mnt/c/xampp/htdocs/core/web/actions/CInlineAction.php(47): CAction->runWithParamsInternal(Object(NilaikpController), Object(ReflectionMethod), Array)
#4 /mnt/c/xampp/htdocs/core/web/CController.php(308): CInlineAction->runWithParams(Array)
#5 /mnt/c/xampp/htdocs/core/web/filters/CFilterChain.php(133): CController->runAction(Object(CInlineAction))
#6 /mnt/c/xampp/htdocs/core/web/filters/CFilter.php(40): CFilterChain->run()
#7 /mnt/c/xampp/htdocs/core/web/CController.php(1145): CFilter->filter(Object(CFilterChain))
#8 /mnt/c/xampp/htdocs/core/web/filters/CInlineFilter.php(58): CController->filterAccessControl(Object(CFilterChain))
#9 /mnt/c/xampp/htdocs/core/web/filters/CFilterChain.php(130): CInlineFilter->filter(Object(CFilterChain))
#10 /mnt/c/xampp/htdocs/core/web/CController.php(291): CFilterChain->run()
#11 /mnt/c/xampp/htdocs/core/web/CController.php(265): CController->runActionWithFilters(Object(CInlineAction), Array)
#12 /mnt/c/xampp/htdocs/core/web/CWebApplication.php(282): CController->run('create')
#13 /mnt/c/xampp/htdocs/core/web/CWebApplication.php(141): CWebApplication->runController('nilaikp/create')
#14 /mnt/c/xampp/htdocs/core/base/CApplication.php(185): CWebApplication->processRequest()
#15 /mnt/c/xampp/htdocs/skkp/index.php(14): CApplication->run()
#16 {main}
REQUEST_URI=/skkp/index.php?r=nilaikp/create&NIM=3211425
HTTP_REFERER=http://localhost/skkp/index.php?r=nilaikp/adminpembimbing
---
2017/09/06 00:22:10 [error] [system.db.CDbCommand] CDbCommand::execute() gagal: SQLSTATE[42S02]: Base table or view not found: 1146 Table 'dbsidang.prd_nilaidetilskripsi' doesn't exist. Statement SQL yang dijalankan: INSERT INTO `prd_nilaidetilskripsi` (`IdPendaftaran`) VALUES (:IdPendaftaran).
in /mnt/c/xampp/htdocs/skkp/protected/controllers/PendaftaranController.php (123)
in /mnt/c/xampp/htdocs/skkp/index.php (14)
2017/09/06 00:22:10 [error] [exception.CDbException] CDbException: CDbCommand gagal menjalankan statementSQL: SQLSTATE[42S02]: Base table or view not found: 1146 Table 'dbsidang.prd_nilaidetilskripsi' doesn't exist. The SQL statement executed was: INSERT INTO `prd_nilaidetilskripsi` (`IdPendaftaran`) VALUES (:IdPendaftaran) in /mnt/c/xampp/htdocs/core/db/CDbCommand.php:358
Stack trace:
#0 /mnt/c/xampp/htdocs/core/db/CDbCommand.php(1278): CDbCommand->execute(Array)
#1 /mnt/c/xampp/htdocs/skkp/protected/controllers/PendaftaranController.php(123): CDbCommand->insert('prd_nilaidetils...', Array)
#2 /mnt/c/xampp/htdocs/core/web/actions/CInlineAction.php(49): PendaftaranController->actionCreate()
#3 /mnt/c/xampp/htdocs/core/web/CController.php(308): CInlineAction->runWithParams(Array)
#4 /mnt/c/xampp/htdocs/core/web/filters/CFilterChain.php(133): CController->runAction(Object(CInlineAction))
#5 /mnt/c/xampp/htdocs/core/web/filters/CFilter.php(40): CFilterChain->run()
#6 /mnt/c/xampp/htdocs/core/web/CController.php(1145): CFilter->filter(Object(CFilterChain))
#7 /mnt/c/xampp/htdocs/core/web/filters/CInlineFilter.php(58): CController->filterAccessControl(Object(CFilterChain))
#8 /mnt/c/xampp/htdocs/core/web/filters/CFilterChain.php(130): CInlineFilter->filter(Object(CFilterChain))
#9 /mnt/c/xampp/htdocs/core/web/CController.php(291): CFilterChain->run()
#10 /mnt/c/xampp/htdocs/core/web/CController.php(265): CController->runActionWithFilters(Object(CInlineAction), Array)
#11 /mnt/c/xampp/htdocs/core/web/CWebApplication.php(282): CController->run('create')
#12 /mnt/c/xampp/htdocs/core/web/CWebApplication.php(141): CWebApplication->runController('pendaftaran/cre...')
#13 /mnt/c/xampp/htdocs/core/base/CApplication.php(185): CWebApplication->processRequest()
#14 /mnt/c/xampp/htdocs/skkp/index.php(14): CApplication->run()
#15 {main}
REQUEST_URI=/skkp/index.php?r=pendaftaran/create
HTTP_REFERER=http://localhost/skkp/index.php?r=pendaftaran/create
---
2017/09/06 00:22:44 [error] [system.db.CDbCommand] CDbCommand::execute() gagal: SQLSTATE[23000]: Integrity constraint violation: 1452 Cannot add or update a child row: a foreign key constraint fails (`dbsidang`.`prd_nilaidetilskirpsi`, CONSTRAINT `prd_nilaidetilskirpsi_ibfk_1` FOREIGN KEY (`IdPendaftaran`) REFERENCES `prd_pendaftaran` (`idPendaftaran`) ON DELETE CASCADE ON UPDATE CASCADE). Statement SQL yang dijalankan: INSERT INTO `prd_nilaidetilskirpsi` (`IdPendaftaran`) VALUES (:IdPendaftaran).
in /mnt/c/xampp/htdocs/skkp/protected/controllers/PendaftaranController.php (123)
in /mnt/c/xampp/htdocs/skkp/index.php (14)
2017/09/06 00:22:44 [error] [exception.CDbException] CDbException: CDbCommand gagal menjalankan statementSQL: SQLSTATE[23000]: Integrity constraint violation: 1452 Cannot add or update a child row: a foreign key constraint fails (`dbsidang`.`prd_nilaidetilskirpsi`, CONSTRAINT `prd_nilaidetilskirpsi_ibfk_1` FOREIGN KEY (`IdPendaftaran`) REFERENCES `prd_pendaftaran` (`idPendaftaran`) ON DELETE CASCADE ON UPDATE CASCADE). The SQL statement executed was: INSERT INTO `prd_nilaidetilskirpsi` (`IdPendaftaran`) VALUES (:IdPendaftaran) in /mnt/c/xampp/htdocs/core/db/CDbCommand.php:358
Stack trace:
#0 /mnt/c/xampp/htdocs/core/db/CDbCommand.php(1278): CDbCommand->execute(Array)
#1 /mnt/c/xampp/htdocs/skkp/protected/controllers/PendaftaranController.php(123): CDbCommand->insert('prd_nilaidetils...', Array)
#2 /mnt/c/xampp/htdocs/core/web/actions/CInlineAction.php(49): PendaftaranController->actionCreate()
#3 /mnt/c/xampp/htdocs/core/web/CController.php(308): CInlineAction->runWithParams(Array)
#4 /mnt/c/xampp/htdocs/core/web/filters/CFilterChain.php(133): CController->runAction(Object(CInlineAction))
#5 /mnt/c/xampp/htdocs/core/web/filters/CFilter.php(40): CFilterChain->run()
#6 /mnt/c/xampp/htdocs/core/web/CController.php(1145): CFilter->filter(Object(CFilterChain))
#7 /mnt/c/xampp/htdocs/core/web/filters/CInlineFilter.php(58): CController->filterAccessControl(Object(CFilterChain))
#8 /mnt/c/xampp/htdocs/core/web/filters/CFilterChain.php(130): CInlineFilter->filter(Object(CFilterChain))
#9 /mnt/c/xampp/htdocs/core/web/CController.php(291): CFilterChain->run()
#10 /mnt/c/xampp/htdocs/core/web/CController.php(265): CController->runActionWithFilters(Object(CInlineAction), Array)
#11 /mnt/c/xampp/htdocs/core/web/CWebApplication.php(282): CController->run('create')
#12 /mnt/c/xampp/htdocs/core/web/CWebApplication.php(141): CWebApplication->runController('pendaftaran/cre...')
#13 /mnt/c/xampp/htdocs/core/base/CApplication.php(185): CWebApplication->processRequest()
#14 /mnt/c/xampp/htdocs/skkp/index.php(14): CApplication->run()
#15 {main}
REQUEST_URI=/skkp/index.php?r=pendaftaran/create
HTTP_REFERER=http://localhost/skkp/index.php?r=pendaftaran/create
---
2017/09/06 00:25:28 [error] [system.db.CDbCommand] CDbCommand::execute() gagal: SQLSTATE[23000]: Integrity constraint violation: 1452 Cannot add or update a child row: a foreign key constraint fails (`dbsidang`.`prd_nilaidetilskirpsi`, CONSTRAINT `prd_nilaidetilskirpsi_ibfk_1` FOREIGN KEY (`IdPendaftaran`) REFERENCES `prd_pendaftaran` (`idPendaftaran`) ON DELETE CASCADE ON UPDATE CASCADE). Statement SQL yang dijalankan: INSERT INTO `prd_nilaidetilskirpsi` (`IdPendaftaran`) VALUES (:IdPendaftaran).
in /mnt/c/xampp/htdocs/skkp/protected/controllers/PendaftaranController.php (123)
in /mnt/c/xampp/htdocs/skkp/index.php (14)
2017/09/06 00:25:28 [error] [exception.CDbException] CDbException: CDbCommand gagal menjalankan statementSQL: SQLSTATE[23000]: Integrity constraint violation: 1452 Cannot add or update a child row: a foreign key constraint fails (`dbsidang`.`prd_nilaidetilskirpsi`, CONSTRAINT `prd_nilaidetilskirpsi_ibfk_1` FOREIGN KEY (`IdPendaftaran`) REFERENCES `prd_pendaftaran` (`idPendaftaran`) ON DELETE CASCADE ON UPDATE CASCADE). The SQL statement executed was: INSERT INTO `prd_nilaidetilskirpsi` (`IdPendaftaran`) VALUES (:IdPendaftaran) in /mnt/c/xampp/htdocs/core/db/CDbCommand.php:358
Stack trace:
#0 /mnt/c/xampp/htdocs/core/db/CDbCommand.php(1278): CDbCommand->execute(Array)
#1 /mnt/c/xampp/htdocs/skkp/protected/controllers/PendaftaranController.php(123): CDbCommand->insert('prd_nilaidetils...', Array)
#2 /mnt/c/xampp/htdocs/core/web/actions/CInlineAction.php(49): PendaftaranController->actionCreate()
#3 /mnt/c/xampp/htdocs/core/web/CController.php(308): CInlineAction->runWithParams(Array)
#4 /mnt/c/xampp/htdocs/core/web/filters/CFilterChain.php(133): CController->runAction(Object(CInlineAction))
#5 /mnt/c/xampp/htdocs/core/web/filters/CFilter.php(40): CFilterChain->run()
#6 /mnt/c/xampp/htdocs/core/web/CController.php(1145): CFilter->filter(Object(CFilterChain))
#7 /mnt/c/xampp/htdocs/core/web/filters/CInlineFilter.php(58): CController->filterAccessControl(Object(CFilterChain))
#8 /mnt/c/xampp/htdocs/core/web/filters/CFilterChain.php(130): CInlineFilter->filter(Object(CFilterChain))
#9 /mnt/c/xampp/htdocs/core/web/CController.php(291): CFilterChain->run()
#10 /mnt/c/xampp/htdocs/core/web/CController.php(265): CController->runActionWithFilters(Object(CInlineAction), Array)
#11 /mnt/c/xampp/htdocs/core/web/CWebApplication.php(282): CController->run('create')
#12 /mnt/c/xampp/htdocs/core/web/CWebApplication.php(141): CWebApplication->runController('pendaftaran/cre...')
#13 /mnt/c/xampp/htdocs/core/base/CApplication.php(185): CWebApplication->processRequest()
#14 /mnt/c/xampp/htdocs/skkp/index.php(14): CApplication->run()
#15 {main}
REQUEST_URI=/skkp/index.php?r=pendaftaran/create
HTTP_REFERER=http://localhost/skkp/index.php?r=pendaftaran/create
---
2017/09/06 00:30:38 [error] [php] Undefined index: Judul (/mnt/c/xampp/htdocs/core/base/CComponent.php(612) : eval()'d code:1)
Stack trace:
#0 /mnt/c/xampp/htdocs/core/zii/widgets/grid/CGridColumn.php(231): CDataColumn->getDataCellContent()
#1 /mnt/c/xampp/htdocs/core/zii/widgets/grid/CGridColumn.php(154): CDataColumn->renderDataCellContent()
#2 /mnt/c/xampp/htdocs/core/zii/widgets/grid/CGridView.php(638): CDataColumn->renderDataCell()
#3 /mnt/c/xampp/htdocs/core/zii/widgets/grid/CGridView.php(622): CGridView->renderDataCell()
#4 /mnt/c/xampp/htdocs/core/zii/widgets/grid/CGridView.php(578): CGridView->renderTableRow()
#5 /mnt/c/xampp/htdocs/core/zii/widgets/grid/CGridView.php(488): CGridView->renderTableBody()
#6 /mnt/c/xampp/htdocs/core/zii/widgets/CBaseListView.php(181): CGridView->renderItems()
#7 unknown(0): CGridView->renderSection()
#8 /mnt/c/xampp/htdocs/core/zii/widgets/CBaseListView.php(164): preg_replace_callback()
#9 /mnt/c/xampp/htdocs/core/zii/widgets/CBaseListView.php(149): CGridView->renderContent()
#10 /mnt/c/xampp/htdocs/core/web/CBaseController.php(181): CGridView->run()
#11 /mnt/c/xampp/htdocs/skkp/protected/views/nilaikp/adminpembimbing.php(33): NilaikpController->widget()
#12 /mnt/c/xampp/htdocs/core/web/CBaseController.php(126): require()
#13 /mnt/c/xampp/htdocs/core/web/CBaseController.php(95): NilaikpController->renderInternal()
#14 /mnt/c/xampp/htdocs/core/web/CController.php(869): NilaikpController->renderFile()
#15 /mnt/c/xampp/htdocs/core/web/CController.php(782): NilaikpController->renderPartial()
#16 /mnt/c/xampp/htdocs/skkp/protected/controllers/NilaikpController.php(220): NilaikpController->render()
#17 /mnt/c/xampp/htdocs/core/web/actions/CInlineAction.php(49): NilaikpController->actionAdminpembimbing()
#18 /mnt/c/xampp/htdocs/core/web/CController.php(308): CInlineAction->runWithParams()
#19 /mnt/c/xampp/htdocs/core/web/filters/CFilterChain.php(133): NilaikpController->runAction()
#20 /mnt/c/xampp/htdocs/core/web/filters/CFilter.php(40): CFilterChain->run()
#21 /mnt/c/xampp/htdocs/core/web/CController.php(1145): CAccessControlFilter->filter()
#22 /mnt/c/xampp/htdocs/core/web/filters/CInlineFilter.php(58): NilaikpController->filterAccessControl()
#23 /mnt/c/xampp/htdocs/core/web/filters/CFilterChain.php(130): CInlineFilter->filter()
#24 /mnt/c/xampp/htdocs/core/web/CController.php(291): CFilterChain->run()
#25 /mnt/c/xampp/htdocs/core/web/CController.php(265): NilaikpController->runActionWithFilters()
#26 /mnt/c/xampp/htdocs/core/web/CWebApplication.php(282): NilaikpController->run()
#27 /mnt/c/xampp/htdocs/core/web/CWebApplication.php(141): CWebApplication->runController()
#28 /mnt/c/xampp/htdocs/core/base/CApplication.php(185): CWebApplication->processRequest()
#29 /mnt/c/xampp/htdocs/skkp/index.php(14): CWebApplication->run()
REQUEST_URI=/skkp/index.php?r=nilaikp/adminpembimbing
in /mnt/c/xampp/htdocs/skkp/protected/views/nilaikp/adminpembimbing.php (33)
in /mnt/c/xampp/htdocs/skkp/protected/controllers/NilaikpController.php (220)
in /mnt/c/xampp/htdocs/skkp/index.php (14)
2017/09/06 00:30:39 [error] [php] Undefined index: Judul (/mnt/c/xampp/htdocs/core/base/CComponent.php(612) : eval()'d code:1)
Stack trace:
#0 /mnt/c/xampp/htdocs/core/zii/widgets/grid/CGridColumn.php(231): CDataColumn->getDataCellContent()
#1 /mnt/c/xampp/htdocs/core/zii/widgets/grid/CGridColumn.php(154): CDataColumn->renderDataCellContent()
#2 /mnt/c/xampp/htdocs/core/zii/widgets/grid/CGridView.php(638): CDataColumn->renderDataCell()
#3 /mnt/c/xampp/htdocs/core/zii/widgets/grid/CGridView.php(622): CGridView->renderDataCell()
#4 /mnt/c/xampp/htdocs/core/zii/widgets/grid/CGridView.php(578): CGridView->renderTableRow()
#5 /mnt/c/xampp/htdocs/core/zii/widgets/grid/CGridView.php(488): CGridView->renderTableBody()
#6 /mnt/c/xampp/htdocs/core/zii/widgets/CBaseListView.php(181): CGridView->renderItems()
#7 unknown(0): CGridView->renderSection()
#8 /mnt/c/xampp/htdocs/core/zii/widgets/CBaseListView.php(164): preg_replace_callback()
#9 /mnt/c/xampp/htdocs/core/zii/widgets/CBaseListView.php(149): CGridView->renderContent()
#10 /mnt/c/xampp/htdocs/core/web/CBaseController.php(181): CGridView->run()
#11 /mnt/c/xampp/htdocs/skkp/protected/views/nilaikp/adminpembimbing.php(33): NilaikpController->widget()
#12 /mnt/c/xampp/htdocs/core/web/CBaseController.php(126): require()
#13 /mnt/c/xampp/htdocs/core/web/CBaseController.php(95): NilaikpController->renderInternal()
#14 /mnt/c/xampp/htdocs/core/web/CController.php(869): NilaikpController->renderFile()
#15 /mnt/c/xampp/htdocs/core/web/CController.php(782): NilaikpController->renderPartial()
#16 /mnt/c/xampp/htdocs/skkp/protected/controllers/NilaikpController.php(220): NilaikpController->render()
#17 /mnt/c/xampp/htdocs/core/web/actions/CInlineAction.php(49): NilaikpController->actionAdminpembimbing()
#18 /mnt/c/xampp/htdocs/core/web/CController.php(308): CInlineAction->runWithParams()
#19 /mnt/c/xampp/htdocs/core/web/filters/CFilterChain.php(133): NilaikpController->runAction()
#20 /mnt/c/xampp/htdocs/core/web/filters/CFilter.php(40): CFilterChain->run()
#21 /mnt/c/xampp/htdocs/core/web/CController.php(1145): CAccessControlFilter->filter()
#22 /mnt/c/xampp/htdocs/core/web/filters/CInlineFilter.php(58): NilaikpController->filterAccessControl()
#23 /mnt/c/xampp/htdocs/core/web/filters/CFilterChain.php(130): CInlineFilter->filter()
#24 /mnt/c/xampp/htdocs/core/web/CController.php(291): CFilterChain->run()
#25 /mnt/c/xampp/htdocs/core/web/CController.php(265): NilaikpController->runActionWithFilters()
#26 /mnt/c/xampp/htdocs/core/web/CWebApplication.php(282): NilaikpController->run()
#27 /mnt/c/xampp/htdocs/core/web/CWebApplication.php(141): CWebApplication->runController()
#28 /mnt/c/xampp/htdocs/core/base/CApplication.php(185): CWebApplication->processRequest()
#29 /mnt/c/xampp/htdocs/skkp/index.php(14): CWebApplication->run()
REQUEST_URI=/skkp/index.php?r=nilaikp/adminpembimbing
in /mnt/c/xampp/htdocs/skkp/protected/views/nilaikp/adminpembimbing.php (33)
in /mnt/c/xampp/htdocs/skkp/protected/controllers/NilaikpController.php (220)
in /mnt/c/xampp/htdocs/skkp/index.php (14)
2017/09/06 00:31:17 [error] [php] Undefined index: Judul (/mnt/c/xampp/htdocs/core/base/CComponent.php(612) : eval()'d code:1)
Stack trace:
#0 /mnt/c/xampp/htdocs/core/zii/widgets/grid/CGridColumn.php(231): CDataColumn->getDataCellContent()
#1 /mnt/c/xampp/htdocs/core/zii/widgets/grid/CGridColumn.php(154): CDataColumn->renderDataCellContent()
#2 /mnt/c/xampp/htdocs/core/zii/widgets/grid/CGridView.php(638): CDataColumn->renderDataCell()
#3 /mnt/c/xampp/htdocs/core/zii/widgets/grid/CGridView.php(622): CGridView->renderDataCell()
#4 /mnt/c/xampp/htdocs/core/zii/widgets/grid/CGridView.php(578): CGridView->renderTableRow()
#5 /mnt/c/xampp/htdocs/core/zii/widgets/grid/CGridView.php(488): CGridView->renderTableBody()
#6 /mnt/c/xampp/htdocs/core/zii/widgets/CBaseListView.php(181): CGridView->renderItems()
#7 unknown(0): CGridView->renderSection()
#8 /mnt/c/xampp/htdocs/core/zii/widgets/CBaseListView.php(164): preg_replace_callback()
#9 /mnt/c/xampp/htdocs/core/zii/widgets/CBaseListView.php(149): CGridView->renderContent()
#10 /mnt/c/xampp/htdocs/core/web/CBaseController.php(181): CGridView->run()
#11 /mnt/c/xampp/htdocs/skkp/protected/views/nilaikp/adminpembimbing.php(33): NilaikpController->widget()
#12 /mnt/c/xampp/htdocs/core/web/CBaseController.php(126): require()
#13 /mnt/c/xampp/htdocs/core/web/CBaseController.php(95): NilaikpController->renderInternal()
#14 /mnt/c/xampp/htdocs/core/web/CController.php(869): NilaikpController->renderFile()
#15 /mnt/c/xampp/htdocs/core/web/CController.php(782): NilaikpController->renderPartial()
#16 /mnt/c/xampp/htdocs/skkp/protected/controllers/NilaikpController.php(220): NilaikpController->render()
#17 /mnt/c/xampp/htdocs/core/web/actions/CInlineAction.php(49): NilaikpController->actionAdminpembimbing()
#18 /mnt/c/xampp/htdocs/core/web/CController.php(308): CInlineAction->runWithParams()
#19 /mnt/c/xampp/htdocs/core/web/filters/CFilterChain.php(133): NilaikpController->runAction()
#20 /mnt/c/xampp/htdocs/core/web/filters/CFilter.php(40): CFilterChain->run()
#21 /mnt/c/xampp/htdocs/core/web/CController.php(1145): CAccessControlFilter->filter()
#22 /mnt/c/xampp/htdocs/core/web/filters/CInlineFilter.php(58): NilaikpController->filterAccessControl()
#23 /mnt/c/xampp/htdocs/core/web/filters/CFilterChain.php(130): CInlineFilter->filter()
#24 /mnt/c/xampp/htdocs/core/web/CController.php(291): CFilterChain->run()
#25 /mnt/c/xampp/htdocs/core/web/CController.php(265): NilaikpController->runActionWithFilters()
#26 /mnt/c/xampp/htdocs/core/web/CWebApplication.php(282): NilaikpController->run()
#27 /mnt/c/xampp/htdocs/core/web/CWebApplication.php(141): CWebApplication->runController()
#28 /mnt/c/xampp/htdocs/core/base/CApplication.php(185): CWebApplication->processRequest()
#29 /mnt/c/xampp/htdocs/skkp/index.php(14): CWebApplication->run()
REQUEST_URI=/skkp/index.php?r=nilaikp/adminpembimbing
in /mnt/c/xampp/htdocs/skkp/protected/views/nilaikp/adminpembimbing.php (33)
in /mnt/c/xampp/htdocs/skkp/protected/controllers/NilaikpController.php (220)
in /mnt/c/xampp/htdocs/skkp/index.php (14)
